
AVRASM ver. 2.1.30  C:\Users\Parsa.Ah\OneDrive\My project\RC Car\codevision\T\Debug\List\T_RC car.asm Tue Feb 23 00:38:01 2021

                 
                 
                 ;CodeVisionAVR C Compiler V3.12 Advanced
                 ;(C) Copyright 1998-2014 Pavel Haiduc, HP InfoTech s.r.l.
                 ;http://www.hpinfotech.com
                 
                 ;Build configuration    : Debug
                 ;Chip type              : ATmega32
                 ;Program type           : Application
                 ;Clock frequency        : 8/000000 MHz
                 ;Memory model           : Small
                 ;Optimize for           : Size
                 ;(s)printf features     : int, width
                 ;(s)scanf features      : int, width
                 ;External RAM size      : 0
                 ;Data Stack size        : 512 byte(s)
                 ;Heap size              : 0 byte(s)
                 ;Promote 'char' to 'int': Yes
                 ;'char' is unsigned     : Yes
                 ;8 bit enums            : Yes
                 ;Global 'const' stored in FLASH: Yes
                 ;Enhanced function parameter passing: Yes
                 ;Enhanced core instructions: On
                 ;Automatic register allocation for global variables: On
                 ;Smart register allocation: On
                 
                 	#define _MODEL_SMALL_
                 
                 	#pragma AVRPART ADMIN PART_NAME ATmega32
                 	#pragma AVRPART MEMORY PROG_FLASH 32768
                 	#pragma AVRPART MEMORY EEPROM 1024
                 	#pragma AVRPART MEMORY INT_SRAM SIZE 2048
                 	#pragma AVRPART MEMORY INT_SRAM START_ADDR 0x60
                 
                 	#define CALL_SUPPORTED 1
                 
                 	.LISTMAC
                 	.EQU UDRE=0x5
                 	.EQU RXC=0x7
                 	.EQU USR=0xB
                 	.EQU UDR=0xC
                 	.EQU SPSR=0xE
                 	.EQU SPDR=0xF
                 	.EQU EERE=0x0
                 	.EQU EEWE=0x1
                 	.EQU EEMWE=0x2
                 	.EQU EECR=0x1C
                 	.EQU EEDR=0x1D
                 	.EQU EEARL=0x1E
                 	.EQU EEARH=0x1F
                 	.EQU WDTCR=0x21
                 	.EQU MCUCR=0x35
                 	.EQU GICR=0x3B
                 	.EQU SPL=0x3D
                 	.EQU SPH=0x3E
                 	.EQU SREG=0x3F
                 
                 	.DEF R0X0=R0
                 	.DEF R0X1=R1
                 	.DEF R0X2=R2
                 	.DEF R0X3=R3
                 	.DEF R0X4=R4
                 	.DEF R0X5=R5
                 	.DEF R0X6=R6
                 	.DEF R0X7=R7
                 	.DEF R0X8=R8
                 	.DEF R0X9=R9
                 	.DEF R0XA=R10
                 	.DEF R0XB=R11
                 	.DEF R0XC=R12
                 	.DEF R0XD=R13
                 	.DEF R0XE=R14
                 	.DEF R0XF=R15
                 	.DEF R0X10=R16
                 	.DEF R0X11=R17
                 	.DEF R0X12=R18
                 	.DEF R0X13=R19
                 	.DEF R0X14=R20
                 	.DEF R0X15=R21
                 	.DEF R0X16=R22
                 	.DEF R0X17=R23
                 	.DEF R0X18=R24
                 	.DEF R0X19=R25
                 	.DEF R0X1A=R26
                 	.DEF R0X1B=R27
                 	.DEF R0X1C=R28
                 	.DEF R0X1D=R29
                 	.DEF R0X1E=R30
                 	.DEF R0X1F=R31
                 
                 	.EQU __SRAM_START=0x0060
                 	.EQU __SRAM_END=0x085F
                 	.EQU __DSTACK_SIZE=0x0200
                 	.EQU __HEAP_SIZE=0x0000
                 	.EQU __CLEAR_SRAM_SIZE=__SRAM_END-__SRAM_START+1
                 
                 	.MACRO __CPD1N
                 	CPI  R30,LOW(@0)
                 	LDI  R26,HIGH(@0)
                 	CPC  R31,R26
                 	LDI  R26,BYTE3(@0)
                 	CPC  R22,R26
                 	LDI  R26,BYTE4(@0)
                 	CPC  R23,R26
                 	.ENDM
                 
                 	.MACRO __CPD2N
                 	CPI  R26,LOW(@0)
                 	LDI  R30,HIGH(@0)
                 	CPC  R27,R30
                 	LDI  R30,BYTE3(@0)
                 	CPC  R24,R30
                 	LDI  R30,BYTE4(@0)
                 	CPC  R25,R30
                 	.ENDM
                 
                 	.MACRO __CPWRR
                 	CP   R@0,R@2
                 	CPC  R@1,R@3
                 	.ENDM
                 
                 	.MACRO __CPWRN
                 	CPI  R@0,LOW(@2)
                 	LDI  R30,HIGH(@2)
                 	CPC  R@1,R30
                 	.ENDM
                 
                 	.MACRO __ADDB1MN
                 	SUBI R30,LOW(-@0-(@1))
                 	.ENDM
                 
                 	.MACRO __ADDB2MN
                 	SUBI R26,LOW(-@0-(@1))
                 	.ENDM
                 
                 	.MACRO __ADDW1MN
                 	SUBI R30,LOW(-@0-(@1))
                 	SBCI R31,HIGH(-@0-(@1))
                 	.ENDM
                 
                 	.MACRO __ADDW2MN
                 	SUBI R26,LOW(-@0-(@1))
                 	SBCI R27,HIGH(-@0-(@1))
                 	.ENDM
                 
                 	.MACRO __ADDW1FN
                 	SUBI R30,LOW(-2*@0-(@1))
                 	SBCI R31,HIGH(-2*@0-(@1))
                 	.ENDM
                 
                 	.MACRO __ADDD1FN
                 	SUBI R30,LOW(-2*@0-(@1))
                 	SBCI R31,HIGH(-2*@0-(@1))
                 	SBCI R22,BYTE3(-2*@0-(@1))
                 	.ENDM
                 
                 	.MACRO __ADDD1N
                 	SUBI R30,LOW(-@0)
                 	SBCI R31,HIGH(-@0)
                 	SBCI R22,BYTE3(-@0)
                 	SBCI R23,BYTE4(-@0)
                 	.ENDM
                 
                 	.MACRO __ADDD2N
                 	SUBI R26,LOW(-@0)
                 	SBCI R27,HIGH(-@0)
                 	SBCI R24,BYTE3(-@0)
                 	SBCI R25,BYTE4(-@0)
                 	.ENDM
                 
                 	.MACRO __SUBD1N
                 	SUBI R30,LOW(@0)
                 	SBCI R31,HIGH(@0)
                 	SBCI R22,BYTE3(@0)
                 	SBCI R23,BYTE4(@0)
                 	.ENDM
                 
                 	.MACRO __SUBD2N
                 	SUBI R26,LOW(@0)
                 	SBCI R27,HIGH(@0)
                 	SBCI R24,BYTE3(@0)
                 	SBCI R25,BYTE4(@0)
                 	.ENDM
                 
                 	.MACRO __ANDBMNN
                 	LDS  R30,@0+(@1)
                 	ANDI R30,LOW(@2)
                 	STS  @0+(@1),R30
                 	.ENDM
                 
                 	.MACRO __ANDWMNN
                 	LDS  R30,@0+(@1)
                 	ANDI R30,LOW(@2)
                 	STS  @0+(@1),R30
                 	LDS  R30,@0+(@1)+1
                 	ANDI R30,HIGH(@2)
                 	STS  @0+(@1)+1,R30
                 	.ENDM
                 
                 	.MACRO __ANDD1N
                 	ANDI R30,LOW(@0)
                 	ANDI R31,HIGH(@0)
                 	ANDI R22,BYTE3(@0)
                 	ANDI R23,BYTE4(@0)
                 	.ENDM
                 
                 	.MACRO __ANDD2N
                 	ANDI R26,LOW(@0)
                 	ANDI R27,HIGH(@0)
                 	ANDI R24,BYTE3(@0)
                 	ANDI R25,BYTE4(@0)
                 	.ENDM
                 
                 	.MACRO __ORBMNN
                 	LDS  R30,@0+(@1)
                 	ORI  R30,LOW(@2)
                 	STS  @0+(@1),R30
                 	.ENDM
                 
                 	.MACRO __ORWMNN
                 	LDS  R30,@0+(@1)
                 	ORI  R30,LOW(@2)
                 	STS  @0+(@1),R30
                 	LDS  R30,@0+(@1)+1
                 	ORI  R30,HIGH(@2)
                 	STS  @0+(@1)+1,R30
                 	.ENDM
                 
                 	.MACRO __ORD1N
                 	ORI  R30,LOW(@0)
                 	ORI  R31,HIGH(@0)
                 	ORI  R22,BYTE3(@0)
                 	ORI  R23,BYTE4(@0)
                 	.ENDM
                 
                 	.MACRO __ORD2N
                 	ORI  R26,LOW(@0)
                 	ORI  R27,HIGH(@0)
                 	ORI  R24,BYTE3(@0)
                 	ORI  R25,BYTE4(@0)
                 	.ENDM
                 
                 	.MACRO __DELAY_USB
                 	LDI  R24,LOW(@0)
                 __DELAY_USB_LOOP:
                 	DEC  R24
                 	BRNE __DELAY_USB_LOOP
                 	.ENDM
                 
                 	.MACRO __DELAY_USW
                 	LDI  R24,LOW(@0)
                 	LDI  R25,HIGH(@0)
                 __DELAY_USW_LOOP:
                 	SBIW R24,1
                 	BRNE __DELAY_USW_LOOP
                 	.ENDM
                 
                 	.MACRO __GETD1S
                 	LDD  R30,Y+@0
                 	LDD  R31,Y+@0+1
                 	LDD  R22,Y+@0+2
                 	LDD  R23,Y+@0+3
                 	.ENDM
                 
                 	.MACRO __GETD2S
                 	LDD  R26,Y+@0
                 	LDD  R27,Y+@0+1
                 	LDD  R24,Y+@0+2
                 	LDD  R25,Y+@0+3
                 	.ENDM
                 
                 	.MACRO __PUTD1S
                 	STD  Y+@0,R30
                 	STD  Y+@0+1,R31
                 	STD  Y+@0+2,R22
                 	STD  Y+@0+3,R23
                 	.ENDM
                 
                 	.MACRO __PUTD2S
                 	STD  Y+@0,R26
                 	STD  Y+@0+1,R27
                 	STD  Y+@0+2,R24
                 	STD  Y+@0+3,R25
                 	.ENDM
                 
                 	.MACRO __PUTDZ2
                 	STD  Z+@0,R26
                 	STD  Z+@0+1,R27
                 	STD  Z+@0+2,R24
                 	STD  Z+@0+3,R25
                 	.ENDM
                 
                 	.MACRO __CLRD1S
                 	STD  Y+@0,R30
                 	STD  Y+@0+1,R30
                 	STD  Y+@0+2,R30
                 	STD  Y+@0+3,R30
                 	.ENDM
                 
                 	.MACRO __POINTB1MN
                 	LDI  R30,LOW(@0+(@1))
                 	.ENDM
                 
                 	.MACRO __POINTW1MN
                 	LDI  R30,LOW(@0+(@1))
                 	LDI  R31,HIGH(@0+(@1))
                 	.ENDM
                 
                 	.MACRO __POINTD1M
                 	LDI  R30,LOW(@0)
                 	LDI  R31,HIGH(@0)
                 	LDI  R22,BYTE3(@0)
                 	LDI  R23,BYTE4(@0)
                 	.ENDM
                 
                 	.MACRO __POINTW1FN
                 	LDI  R30,LOW(2*@0+(@1))
                 	LDI  R31,HIGH(2*@0+(@1))
                 	.ENDM
                 
                 	.MACRO __POINTD1FN
                 	LDI  R30,LOW(2*@0+(@1))
                 	LDI  R31,HIGH(2*@0+(@1))
                 	LDI  R22,BYTE3(2*@0+(@1))
                 	LDI  R23,BYTE4(2*@0+(@1))
                 	.ENDM
                 
                 	.MACRO __POINTB2MN
                 	LDI  R26,LOW(@0+(@1))
                 	.ENDM
                 
                 	.MACRO __POINTW2MN
                 	LDI  R26,LOW(@0+(@1))
                 	LDI  R27,HIGH(@0+(@1))
                 	.ENDM
                 
                 	.MACRO __POINTW2FN
                 	LDI  R26,LOW(2*@0+(@1))
                 	LDI  R27,HIGH(2*@0+(@1))
                 	.ENDM
                 
                 	.MACRO __POINTD2FN
                 	LDI  R26,LOW(2*@0+(@1))
                 	LDI  R27,HIGH(2*@0+(@1))
                 	LDI  R24,BYTE3(2*@0+(@1))
                 	LDI  R25,BYTE4(2*@0+(@1))
                 	.ENDM
                 
                 	.MACRO __POINTBRM
                 	LDI  R@0,LOW(@1)
                 	.ENDM
                 
                 	.MACRO __POINTWRM
                 	LDI  R@0,LOW(@2)
                 	LDI  R@1,HIGH(@2)
                 	.ENDM
                 
                 	.MACRO __POINTBRMN
                 	LDI  R@0,LOW(@1+(@2))
                 	.ENDM
                 
                 	.MACRO __POINTWRMN
                 	LDI  R@0,LOW(@2+(@3))
                 	LDI  R@1,HIGH(@2+(@3))
                 	.ENDM
                 
                 	.MACRO __POINTWRFN
                 	LDI  R@0,LOW(@2*2+(@3))
                 	LDI  R@1,HIGH(@2*2+(@3))
                 	.ENDM
                 
                 	.MACRO __GETD1N
                 	LDI  R30,LOW(@0)
                 	LDI  R31,HIGH(@0)
                 	LDI  R22,BYTE3(@0)
                 	LDI  R23,BYTE4(@0)
                 	.ENDM
                 
                 	.MACRO __GETD2N
                 	LDI  R26,LOW(@0)
                 	LDI  R27,HIGH(@0)
                 	LDI  R24,BYTE3(@0)
                 	LDI  R25,BYTE4(@0)
                 	.ENDM
                 
                 	.MACRO __GETB1MN
                 	LDS  R30,@0+(@1)
                 	.ENDM
                 
                 	.MACRO __GETB1HMN
                 	LDS  R31,@0+(@1)
                 	.ENDM
                 
                 	.MACRO __GETW1MN
                 	LDS  R30,@0+(@1)
                 	LDS  R31,@0+(@1)+1
                 	.ENDM
                 
                 	.MACRO __GETD1MN
                 	LDS  R30,@0+(@1)
                 	LDS  R31,@0+(@1)+1
                 	LDS  R22,@0+(@1)+2
                 	LDS  R23,@0+(@1)+3
                 	.ENDM
                 
                 	.MACRO __GETBRMN
                 	LDS  R@0,@1+(@2)
                 	.ENDM
                 
                 	.MACRO __GETWRMN
                 	LDS  R@0,@2+(@3)
                 	LDS  R@1,@2+(@3)+1
                 	.ENDM
                 
                 	.MACRO __GETWRZ
                 	LDD  R@0,Z+@2
                 	LDD  R@1,Z+@2+1
                 	.ENDM
                 
                 	.MACRO __GETD2Z
                 	LDD  R26,Z+@0
                 	LDD  R27,Z+@0+1
                 	LDD  R24,Z+@0+2
                 	LDD  R25,Z+@0+3
                 	.ENDM
                 
                 	.MACRO __GETB2MN
                 	LDS  R26,@0+(@1)
                 	.ENDM
                 
                 	.MACRO __GETW2MN
                 	LDS  R26,@0+(@1)
                 	LDS  R27,@0+(@1)+1
                 	.ENDM
                 
                 	.MACRO __GETD2MN
                 	LDS  R26,@0+(@1)
                 	LDS  R27,@0+(@1)+1
                 	LDS  R24,@0+(@1)+2
                 	LDS  R25,@0+(@1)+3
                 	.ENDM
                 
                 	.MACRO __PUTB1MN
                 	STS  @0+(@1),R30
                 	.ENDM
                 
                 	.MACRO __PUTW1MN
                 	STS  @0+(@1),R30
                 	STS  @0+(@1)+1,R31
                 	.ENDM
                 
                 	.MACRO __PUTD1MN
                 	STS  @0+(@1),R30
                 	STS  @0+(@1)+1,R31
                 	STS  @0+(@1)+2,R22
                 	STS  @0+(@1)+3,R23
                 	.ENDM
                 
                 	.MACRO __PUTB1EN
                 	LDI  R26,LOW(@0+(@1))
                 	LDI  R27,HIGH(@0+(@1))
                 	CALL __EEPROMWRB
                 	.ENDM
                 
                 	.MACRO __PUTW1EN
                 	LDI  R26,LOW(@0+(@1))
                 	LDI  R27,HIGH(@0+(@1))
                 	CALL __EEPROMWRW
                 	.ENDM
                 
                 	.MACRO __PUTD1EN
                 	LDI  R26,LOW(@0+(@1))
                 	LDI  R27,HIGH(@0+(@1))
                 	CALL __EEPROMWRD
                 	.ENDM
                 
                 	.MACRO __PUTBR0MN
                 	STS  @0+(@1),R0
                 	.ENDM
                 
                 	.MACRO __PUTBMRN
                 	STS  @0+(@1),R@2
                 	.ENDM
                 
                 	.MACRO __PUTWMRN
                 	STS  @0+(@1),R@2
                 	STS  @0+(@1)+1,R@3
                 	.ENDM
                 
                 	.MACRO __PUTBZR
                 	STD  Z+@1,R@0
                 	.ENDM
                 
                 	.MACRO __PUTWZR
                 	STD  Z+@2,R@0
                 	STD  Z+@2+1,R@1
                 	.ENDM
                 
                 	.MACRO __GETW1R
                 	MOV  R30,R@0
                 	MOV  R31,R@1
                 	.ENDM
                 
                 	.MACRO __GETW2R
                 	MOV  R26,R@0
                 	MOV  R27,R@1
                 	.ENDM
                 
                 	.MACRO __GETWRN
                 	LDI  R@0,LOW(@2)
                 	LDI  R@1,HIGH(@2)
                 	.ENDM
                 
                 	.MACRO __PUTW1R
                 	MOV  R@0,R30
                 	MOV  R@1,R31
                 	.ENDM
                 
                 	.MACRO __PUTW2R
                 	MOV  R@0,R26
                 	MOV  R@1,R27
                 	.ENDM
                 
                 	.MACRO __ADDWRN
                 	SUBI R@0,LOW(-@2)
                 	SBCI R@1,HIGH(-@2)
                 	.ENDM
                 
                 	.MACRO __ADDWRR
                 	ADD  R@0,R@2
                 	ADC  R@1,R@3
                 	.ENDM
                 
                 	.MACRO __SUBWRN
                 	SUBI R@0,LOW(@2)
                 	SBCI R@1,HIGH(@2)
                 	.ENDM
                 
                 	.MACRO __SUBWRR
                 	SUB  R@0,R@2
                 	SBC  R@1,R@3
                 	.ENDM
                 
                 	.MACRO __ANDWRN
                 	ANDI R@0,LOW(@2)
                 	ANDI R@1,HIGH(@2)
                 	.ENDM
                 
                 	.MACRO __ANDWRR
                 	AND  R@0,R@2
                 	AND  R@1,R@3
                 	.ENDM
                 
                 	.MACRO __ORWRN
                 	ORI  R@0,LOW(@2)
                 	ORI  R@1,HIGH(@2)
                 	.ENDM
                 
                 	.MACRO __ORWRR
                 	OR   R@0,R@2
                 	OR   R@1,R@3
                 	.ENDM
                 
                 	.MACRO __EORWRR
                 	EOR  R@0,R@2
                 	EOR  R@1,R@3
                 	.ENDM
                 
                 	.MACRO __GETWRS
                 	LDD  R@0,Y+@2
                 	LDD  R@1,Y+@2+1
                 	.ENDM
                 
                 	.MACRO __PUTBSR
                 	STD  Y+@1,R@0
                 	.ENDM
                 
                 	.MACRO __PUTWSR
                 	STD  Y+@2,R@0
                 	STD  Y+@2+1,R@1
                 	.ENDM
                 
                 	.MACRO __MOVEWRR
                 	MOV  R@0,R@2
                 	MOV  R@1,R@3
                 	.ENDM
                 
                 	.MACRO __INWR
                 	IN   R@0,@2
                 	IN   R@1,@2+1
                 	.ENDM
                 
                 	.MACRO __OUTWR
                 	OUT  @2+1,R@1
                 	OUT  @2,R@0
                 	.ENDM
                 
                 	.MACRO __CALL1MN
                 	LDS  R30,@0+(@1)
                 	LDS  R31,@0+(@1)+1
                 	ICALL
                 	.ENDM
                 
                 	.MACRO __CALL1FN
                 	LDI  R30,LOW(2*@0+(@1))
                 	LDI  R31,HIGH(2*@0+(@1))
                 	CALL __GETW1PF
                 	ICALL
                 	.ENDM
                 
                 	.MACRO __CALL2EN
                 	PUSH R26
                 	PUSH R27
                 	LDI  R26,LOW(@0+(@1))
                 	LDI  R27,HIGH(@0+(@1))
                 	CALL __EEPROMRDW
                 	POP  R27
                 	POP  R26
                 	ICALL
                 	.ENDM
                 
                 	.MACRO __CALL2EX
                 	SUBI R26,LOW(-@0)
                 	SBCI R27,HIGH(-@0)
                 	CALL __EEPROMRDD
                 	ICALL
                 	.ENDM
                 
                 	.MACRO __GETW1STACK
                 	IN   R30,SPL
                 	IN   R31,SPH
                 	ADIW R30,@0+1
                 	LD   R0,Z+
                 	LD   R31,Z
                 	MOV  R30,R0
                 	.ENDM
                 
                 	.MACRO __GETD1STACK
                 	IN   R30,SPL
                 	IN   R31,SPH
                 	ADIW R30,@0+1
                 	LD   R0,Z+
                 	LD   R1,Z+
                 	LD   R22,Z
                 	MOVW R30,R0
                 	.ENDM
                 
                 	.MACRO __NBST
                 	BST  R@0,@1
                 	IN   R30,SREG
                 	LDI  R31,0x40
                 	EOR  R30,R31
                 	OUT  SREG,R30
                 	.ENDM
                 
                 
                 	.MACRO __PUTB1SN
                 	LDD  R26,Y+@0
                 	LDD  R27,Y+@0+1
                 	SUBI R26,LOW(-@1)
                 	SBCI R27,HIGH(-@1)
                 	ST   X,R30
                 	.ENDM
                 
                 	.MACRO __PUTW1SN
                 	LDD  R26,Y+@0
                 	LDD  R27,Y+@0+1
                 	SUBI R26,LOW(-@1)
                 	SBCI R27,HIGH(-@1)
                 	ST   X+,R30
                 	ST   X,R31
                 	.ENDM
                 
                 	.MACRO __PUTD1SN
                 	LDD  R26,Y+@0
                 	LDD  R27,Y+@0+1
                 	SUBI R26,LOW(-@1)
                 	SBCI R27,HIGH(-@1)
                 	CALL __PUTDP1
                 	.ENDM
                 
                 	.MACRO __PUTB1SNS
                 	LDD  R26,Y+@0
                 	LDD  R27,Y+@0+1
                 	ADIW R26,@1
                 	ST   X,R30
                 	.ENDM
                 
                 	.MACRO __PUTW1SNS
                 	LDD  R26,Y+@0
                 	LDD  R27,Y+@0+1
                 	ADIW R26,@1
                 	ST   X+,R30
                 	ST   X,R31
                 	.ENDM
                 
                 	.MACRO __PUTD1SNS
                 	LDD  R26,Y+@0
                 	LDD  R27,Y+@0+1
                 	ADIW R26,@1
                 	CALL __PUTDP1
                 	.ENDM
                 
                 	.MACRO __PUTB1PMN
                 	LDS  R26,@0
                 	LDS  R27,@0+1
                 	SUBI R26,LOW(-@1)
                 	SBCI R27,HIGH(-@1)
                 	ST   X,R30
                 	.ENDM
                 
                 	.MACRO __PUTW1PMN
                 	LDS  R26,@0
                 	LDS  R27,@0+1
                 	SUBI R26,LOW(-@1)
                 	SBCI R27,HIGH(-@1)
                 	ST   X+,R30
                 	ST   X,R31
                 	.ENDM
                 
                 	.MACRO __PUTD1PMN
                 	LDS  R26,@0
                 	LDS  R27,@0+1
                 	SUBI R26,LOW(-@1)
                 	SBCI R27,HIGH(-@1)
                 	CALL __PUTDP1
                 	.ENDM
                 
                 	.MACRO __PUTB1PMNS
                 	LDS  R26,@0
                 	LDS  R27,@0+1
                 	ADIW R26,@1
                 	ST   X,R30
                 	.ENDM
                 
                 	.MACRO __PUTW1PMNS
                 	LDS  R26,@0
                 	LDS  R27,@0+1
                 	ADIW R26,@1
                 	ST   X+,R30
                 	ST   X,R31
                 	.ENDM
                 
                 	.MACRO __PUTD1PMNS
                 	LDS  R26,@0
                 	LDS  R27,@0+1
                 	ADIW R26,@1
                 	CALL __PUTDP1
                 	.ENDM
                 
                 	.MACRO __PUTB1RN
                 	MOVW R26,R@0
                 	SUBI R26,LOW(-@1)
                 	SBCI R27,HIGH(-@1)
                 	ST   X,R30
                 	.ENDM
                 
                 	.MACRO __PUTW1RN
                 	MOVW R26,R@0
                 	SUBI R26,LOW(-@1)
                 	SBCI R27,HIGH(-@1)
                 	ST   X+,R30
                 	ST   X,R31
                 	.ENDM
                 
                 	.MACRO __PUTD1RN
                 	MOVW R26,R@0
                 	SUBI R26,LOW(-@1)
                 	SBCI R27,HIGH(-@1)
                 	CALL __PUTDP1
                 	.ENDM
                 
                 	.MACRO __PUTB1RNS
                 	MOVW R26,R@0
                 	ADIW R26,@1
                 	ST   X,R30
                 	.ENDM
                 
                 	.MACRO __PUTW1RNS
                 	MOVW R26,R@0
                 	ADIW R26,@1
                 	ST   X+,R30
                 	ST   X,R31
                 	.ENDM
                 
                 	.MACRO __PUTD1RNS
                 	MOVW R26,R@0
                 	ADIW R26,@1
                 	CALL __PUTDP1
                 	.ENDM
                 
                 	.MACRO __PUTB1RON
                 	MOV  R26,R@0
                 	MOV  R27,R@1
                 	SUBI R26,LOW(-@2)
                 	SBCI R27,HIGH(-@2)
                 	ST   X,R30
                 	.ENDM
                 
                 	.MACRO __PUTW1RON
                 	MOV  R26,R@0
                 	MOV  R27,R@1
                 	SUBI R26,LOW(-@2)
                 	SBCI R27,HIGH(-@2)
                 	ST   X+,R30
                 	ST   X,R31
                 	.ENDM
                 
                 	.MACRO __PUTD1RON
                 	MOV  R26,R@0
                 	MOV  R27,R@1
                 	SUBI R26,LOW(-@2)
                 	SBCI R27,HIGH(-@2)
                 	CALL __PUTDP1
                 	.ENDM
                 
                 	.MACRO __PUTB1RONS
                 	MOV  R26,R@0
                 	MOV  R27,R@1
                 	ADIW R26,@2
                 	ST   X,R30
                 	.ENDM
                 
                 	.MACRO __PUTW1RONS
                 	MOV  R26,R@0
                 	MOV  R27,R@1
                 	ADIW R26,@2
                 	ST   X+,R30
                 	ST   X,R31
                 	.ENDM
                 
                 	.MACRO __PUTD1RONS
                 	MOV  R26,R@0
                 	MOV  R27,R@1
                 	ADIW R26,@2
                 	CALL __PUTDP1
                 	.ENDM
                 
                 
                 	.MACRO __GETB1SX
                 	MOVW R30,R28
                 	SUBI R30,LOW(-@0)
                 	SBCI R31,HIGH(-@0)
                 	LD   R30,Z
                 	.ENDM
                 
                 	.MACRO __GETB1HSX
                 	MOVW R30,R28
                 	SUBI R30,LOW(-@0)
                 	SBCI R31,HIGH(-@0)
                 	LD   R31,Z
                 	.ENDM
                 
                 	.MACRO __GETW1SX
                 	MOVW R30,R28
                 	SUBI R30,LOW(-@0)
                 	SBCI R31,HIGH(-@0)
                 	LD   R0,Z+
                 	LD   R31,Z
                 	MOV  R30,R0
                 	.ENDM
                 
                 	.MACRO __GETD1SX
                 	MOVW R30,R28
                 	SUBI R30,LOW(-@0)
                 	SBCI R31,HIGH(-@0)
                 	LD   R0,Z+
                 	LD   R1,Z+
                 	LD   R22,Z+
                 	LD   R23,Z
                 	MOVW R30,R0
                 	.ENDM
                 
                 	.MACRO __GETB2SX
                 	MOVW R26,R28
                 	SUBI R26,LOW(-@0)
                 	SBCI R27,HIGH(-@0)
                 	LD   R26,X
                 	.ENDM
                 
                 	.MACRO __GETW2SX
                 	MOVW R26,R28
                 	SUBI R26,LOW(-@0)
                 	SBCI R27,HIGH(-@0)
                 	LD   R0,X+
                 	LD   R27,X
                 	MOV  R26,R0
                 	.ENDM
                 
                 	.MACRO __GETD2SX
                 	MOVW R26,R28
                 	SUBI R26,LOW(-@0)
                 	SBCI R27,HIGH(-@0)
                 	LD   R0,X+
                 	LD   R1,X+
                 	LD   R24,X+
                 	LD   R25,X
                 	MOVW R26,R0
                 	.ENDM
                 
                 	.MACRO __GETBRSX
                 	MOVW R30,R28
                 	SUBI R30,LOW(-@1)
                 	SBCI R31,HIGH(-@1)
                 	LD   R@0,Z
                 	.ENDM
                 
                 	.MACRO __GETWRSX
                 	MOVW R30,R28
                 	SUBI R30,LOW(-@2)
                 	SBCI R31,HIGH(-@2)
                 	LD   R@0,Z+
                 	LD   R@1,Z
                 	.ENDM
                 
                 	.MACRO __GETBRSX2
                 	MOVW R26,R28
                 	SUBI R26,LOW(-@1)
                 	SBCI R27,HIGH(-@1)
                 	LD   R@0,X
                 	.ENDM
                 
                 	.MACRO __GETWRSX2
                 	MOVW R26,R28
                 	SUBI R26,LOW(-@2)
                 	SBCI R27,HIGH(-@2)
                 	LD   R@0,X+
                 	LD   R@1,X
                 	.ENDM
                 
                 	.MACRO __LSLW8SX
                 	MOVW R30,R28
                 	SUBI R30,LOW(-@0)
                 	SBCI R31,HIGH(-@0)
                 	LD   R31,Z
                 	CLR  R30
                 	.ENDM
                 
                 	.MACRO __PUTB1SX
                 	MOVW R26,R28
                 	SUBI R26,LOW(-@0)
                 	SBCI R27,HIGH(-@0)
                 	ST   X,R30
                 	.ENDM
                 
                 	.MACRO __PUTW1SX
                 	MOVW R26,R28
                 	SUBI R26,LOW(-@0)
                 	SBCI R27,HIGH(-@0)
                 	ST   X+,R30
                 	ST   X,R31
                 	.ENDM
                 
                 	.MACRO __PUTD1SX
                 	MOVW R26,R28
                 	SUBI R26,LOW(-@0)
                 	SBCI R27,HIGH(-@0)
                 	ST   X+,R30
                 	ST   X+,R31
                 	ST   X+,R22
                 	ST   X,R23
                 	.ENDM
                 
                 	.MACRO __CLRW1SX
                 	MOVW R26,R28
                 	SUBI R26,LOW(-@0)
                 	SBCI R27,HIGH(-@0)
                 	ST   X+,R30
                 	ST   X,R30
                 	.ENDM
                 
                 	.MACRO __CLRD1SX
                 	MOVW R26,R28
                 	SUBI R26,LOW(-@0)
                 	SBCI R27,HIGH(-@0)
                 	ST   X+,R30
                 	ST   X+,R30
                 	ST   X+,R30
                 	ST   X,R30
                 	.ENDM
                 
                 	.MACRO __PUTB2SX
                 	MOVW R30,R28
                 	SUBI R30,LOW(-@0)
                 	SBCI R31,HIGH(-@0)
                 	ST   Z,R26
                 	.ENDM
                 
                 	.MACRO __PUTW2SX
                 	MOVW R30,R28
                 	SUBI R30,LOW(-@0)
                 	SBCI R31,HIGH(-@0)
                 	ST   Z+,R26
                 	ST   Z,R27
                 	.ENDM
                 
                 	.MACRO __PUTD2SX
                 	MOVW R30,R28
                 	SUBI R30,LOW(-@0)
                 	SBCI R31,HIGH(-@0)
                 	ST   Z+,R26
                 	ST   Z+,R27
                 	ST   Z+,R24
                 	ST   Z,R25
                 	.ENDM
                 
                 	.MACRO __PUTBSRX
                 	MOVW R30,R28
                 	SUBI R30,LOW(-@1)
                 	SBCI R31,HIGH(-@1)
                 	ST   Z,R@0
                 	.ENDM
                 
                 	.MACRO __PUTWSRX
                 	MOVW R30,R28
                 	SUBI R30,LOW(-@2)
                 	SBCI R31,HIGH(-@2)
                 	ST   Z+,R@0
                 	ST   Z,R@1
                 	.ENDM
                 
                 	.MACRO __PUTB1SNX
                 	MOVW R26,R28
                 	SUBI R26,LOW(-@0)
                 	SBCI R27,HIGH(-@0)
                 	LD   R0,X+
                 	LD   R27,X
                 	MOV  R26,R0
                 	SUBI R26,LOW(-@1)
                 	SBCI R27,HIGH(-@1)
                 	ST   X,R30
                 	.ENDM
                 
                 	.MACRO __PUTW1SNX
                 	MOVW R26,R28
                 	SUBI R26,LOW(-@0)
                 	SBCI R27,HIGH(-@0)
                 	LD   R0,X+
                 	LD   R27,X
                 	MOV  R26,R0
                 	SUBI R26,LOW(-@1)
                 	SBCI R27,HIGH(-@1)
                 	ST   X+,R30
                 	ST   X,R31
                 	.ENDM
                 
                 	.MACRO __PUTD1SNX
                 	MOVW R26,R28
                 	SUBI R26,LOW(-@0)
                 	SBCI R27,HIGH(-@0)
                 	LD   R0,X+
                 	LD   R27,X
                 	MOV  R26,R0
                 	SUBI R26,LOW(-@1)
                 	SBCI R27,HIGH(-@1)
                 	ST   X+,R30
                 	ST   X+,R31
                 	ST   X+,R22
                 	ST   X,R23
                 	.ENDM
                 
                 	.MACRO __MULBRR
                 	MULS R@0,R@1
                 	MOVW R30,R0
                 	.ENDM
                 
                 	.MACRO __MULBRRU
                 	MUL  R@0,R@1
                 	MOVW R30,R0
                 	.ENDM
                 
                 	.MACRO __MULBRR0
                 	MULS R@0,R@1
                 	.ENDM
                 
                 	.MACRO __MULBRRU0
                 	MUL  R@0,R@1
                 	.ENDM
                 
                 	.MACRO __MULBNWRU
                 	LDI  R26,@2
                 	MUL  R26,R@0
                 	MOVW R30,R0
                 	MUL  R26,R@1
                 	ADD  R31,R0
                 	.ENDM
                 
                 	.CSEG
                 	.ORG 0x00
                 
                 ;START OF CODE MARKER
                 __START_OF_CODE:
                 
                 ;INTERRUPT VECTORS
000000 940c 0089 	JMP  __RESET
000002 940c 0000 	JMP  0x00
000004 940c 0000 	JMP  0x00
000006 940c 0000 	JMP  0x00
000008 940c 0000 	JMP  0x00
00000a 940c 0000 	JMP  0x00
00000c 940c 0000 	JMP  0x00
00000e 940c 0000 	JMP  0x00
000010 940c 0000 	JMP  0x00
000012 940c 0000 	JMP  0x00
000014 940c 0000 	JMP  0x00
000016 940c 0000 	JMP  0x00
000018 940c 0000 	JMP  0x00
00001a 940c 00b6 	JMP  _usart_rx_isr
00001c 940c 0000 	JMP  0x00
00001e 940c 0000 	JMP  0x00
000020 940c 0000 	JMP  0x00
000022 940c 0000 	JMP  0x00
000024 940c 0000 	JMP  0x00
000026 940c 0000 	JMP  0x00
000028 940c 0000 	JMP  0x00
                 
                 _tbl10_G100:
00002a 2710
00002b 03e8
00002c 0064
00002d 000a      	.DB  0x10,0x27,0xE8,0x3,0x64,0x0,0xA,0x0
00002e 0001      	.DB  0x1,0x0
                 _tbl16_G100:
00002f 1000
000030 0100
000031 0010
000032 0001      	.DB  0x0,0x10,0x0,0x1,0x10,0x0,0x1,0x0
                 
                 ;REGISTER BIT VARIABLES INITIALIZATION
                 __REG_BIT_VARS:
000033 0000      	.DW  0x0000
                 
                 _0x0:
000034 4950
000035 414e
000036 302e
000037 303d      	.DB  0x50,0x49,0x4E,0x41,0x2E,0x30,0x3D,0x30
000038 5000
000039 4e49
00003a 2e41
00003b 3d30      	.DB  0x0,0x50,0x49,0x4E,0x41,0x2E,0x30,0x3D
00003c 0031
00003d 4950
00003e 414e
00003f 312e      	.DB  0x31,0x0,0x50,0x49,0x4E,0x41,0x2E,0x31
000040 303d
000041 5000
000042 4e49
000043 2e41      	.DB  0x3D,0x30,0x0,0x50,0x49,0x4E,0x41,0x2E
000044 3d31
000045 0031
000046 4950
000047 414e      	.DB  0x31,0x3D,0x31,0x0,0x50,0x49,0x4E,0x41
000048 322e
000049 303d
00004a 5000
00004b 4e49      	.DB  0x2E,0x32,0x3D,0x30,0x0,0x50,0x49,0x4E
00004c 2e41
00004d 3d32
00004e 0031
00004f 4950      	.DB  0x41,0x2E,0x32,0x3D,0x31,0x0,0x50,0x49
000050 414e
000051 332e
000052 303d
000053 5000      	.DB  0x4E,0x41,0x2E,0x33,0x3D,0x30,0x0,0x50
000054 4e49
000055 2e41
000056 3d33
000057 0031      	.DB  0x49,0x4E,0x41,0x2E,0x33,0x3D,0x31,0x0
000058 4950
000059 414e
00005a 342e
00005b 303d      	.DB  0x50,0x49,0x4E,0x41,0x2E,0x34,0x3D,0x30
00005c 5000
00005d 4e49
00005e 2e41
00005f 3d34      	.DB  0x0,0x50,0x49,0x4E,0x41,0x2E,0x34,0x3D
000060 0031
000061 4950
000062 414e
000063 352e      	.DB  0x31,0x0,0x50,0x49,0x4E,0x41,0x2E,0x35
000064 303d
000065 5000
000066 4e49
000067 2e41      	.DB  0x3D,0x30,0x0,0x50,0x49,0x4E,0x41,0x2E
000068 3d35
000069 0031
00006a 4950
00006b 414e      	.DB  0x35,0x3D,0x31,0x0,0x50,0x49,0x4E,0x41
00006c 362e
00006d 303d
00006e 5000
00006f 4e49      	.DB  0x2E,0x36,0x3D,0x30,0x0,0x50,0x49,0x4E
000070 2e41
000071 3d36
000072 0031
000073 4950      	.DB  0x41,0x2E,0x36,0x3D,0x31,0x0,0x50,0x49
000074 414e
000075 372e
000076 303d
000077 5000      	.DB  0x4E,0x41,0x2E,0x37,0x3D,0x30,0x0,0x50
000078 4e49
000079 2e41
00007a 3d37
00007b 0031      	.DB  0x49,0x4E,0x41,0x2E,0x37,0x3D,0x31,0x0
00007c 4950
00007d 424e
00007e 312e
00007f 303d      	.DB  0x50,0x49,0x4E,0x42,0x2E,0x31,0x3D,0x30
000080 5000
000081 4e49
000082 2e42
000083 3d31      	.DB  0x0,0x50,0x49,0x4E,0x42,0x2E,0x31,0x3D
000084 0031      	.DB  0x31,0x0
                 
                 __GLOBAL_INI_TBL:
000085 0002      	.DW  0x02
000086 0002      	.DW  0x02
000087 0066      	.DW  __REG_BIT_VARS*2
                 
                 _0xFFFFFFFF:
000088 0000      	.DW  0
                 
                 #define __GLOBAL_INI_TBL_PRESENT 1
                 
                 __RESET:
000089 94f8      	CLI
00008a 27ee      	CLR  R30
00008b bbec      	OUT  EECR,R30
                 
                 ;INTERRUPT VECTORS ARE PLACED
                 ;AT THE START OF FLASH
00008c e0f1      	LDI  R31,1
00008d bffb      	OUT  GICR,R31
00008e bfeb      	OUT  GICR,R30
00008f bfe5      	OUT  MCUCR,R30
                 
                 ;CLEAR R2-R14
000090 e08d      	LDI  R24,(14-2)+1
000091 e0a2      	LDI  R26,2
000092 27bb      	CLR  R27
                 __CLEAR_REG:
000093 93ed      	ST   X+,R30
000094 958a      	DEC  R24
000095 f7e9      	BRNE __CLEAR_REG
                 
                 ;CLEAR SRAM
000096 e080      	LDI  R24,LOW(__CLEAR_SRAM_SIZE)
000097 e098      	LDI  R25,HIGH(__CLEAR_SRAM_SIZE)
000098 e6a0      	LDI  R26,__SRAM_START
                 __CLEAR_SRAM:
000099 93ed      	ST   X+,R30
00009a 9701      	SBIW R24,1
00009b f7e9      	BRNE __CLEAR_SRAM
                 
                 ;GLOBAL VARIABLES INITIALIZATION
00009c e0ea      	LDI  R30,LOW(__GLOBAL_INI_TBL*2)
00009d e0f1      	LDI  R31,HIGH(__GLOBAL_INI_TBL*2)
                 __GLOBAL_INI_NEXT:
00009e 9185      	LPM  R24,Z+
00009f 9195      	LPM  R25,Z+
0000a0 9700      	SBIW R24,0
0000a1 f061      	BREQ __GLOBAL_INI_END
0000a2 91a5      	LPM  R26,Z+
0000a3 91b5      	LPM  R27,Z+
0000a4 9005      	LPM  R0,Z+
0000a5 9015      	LPM  R1,Z+
0000a6 01bf      	MOVW R22,R30
0000a7 01f0      	MOVW R30,R0
                 __GLOBAL_INI_LOOP:
0000a8 9005      	LPM  R0,Z+
0000a9 920d      	ST   X+,R0
0000aa 9701      	SBIW R24,1
0000ab f7e1      	BRNE __GLOBAL_INI_LOOP
0000ac 01fb      	MOVW R30,R22
0000ad cff0      	RJMP __GLOBAL_INI_NEXT
                 __GLOBAL_INI_END:
                 
                 ;HARDWARE STACK POINTER INITIALIZATION
0000ae e5ef      	LDI  R30,LOW(__SRAM_END-__HEAP_SIZE)
0000af bfed      	OUT  SPL,R30
0000b0 e0e8      	LDI  R30,HIGH(__SRAM_END-__HEAP_SIZE)
0000b1 bfee      	OUT  SPH,R30
                 
                 ;DATA STACK POINTER INITIALIZATION
0000b2 e6c0      	LDI  R28,LOW(__SRAM_START+__DSTACK_SIZE)
0000b3 e0d2      	LDI  R29,HIGH(__SRAM_START+__DSTACK_SIZE)
                 
0000b4 940c 00b7 	JMP  _main
                 
                 	.ESEG
                 	.ORG 0
                 
                 	.DSEG
                 	.ORG 0x260
                 
                 	.CSEG
                 ;/*******************************************************
                 ;This program was created by the
                 ;CodeWizardAVR V3.12 Advanced
                 ;Automatic Program Generator
                 ;© Copyright 1998-2014 Pavel Haiduc, HP InfoTech s.r.l.
                 ;http://www.hpinfotech.com
                 ;
                 ;Project :
                 ;Version :
                 ;Date    : 22/02/2021
                 ;Author  :
                 ;Company :
                 ;Comments:
                 ;
                 ;
                 ;Chip type               : ATmega32
                 ;Program type            : Application
                 ;AVR Core Clock frequency: 8/000000 MHz
                 ;Memory model            : Small
                 ;External RAM size       : 0
                 ;Data Stack size         : 512
                 ;*******************************************************/
                 ;
                 ;#include <mega32.h>
                 	#ifndef __SLEEP_DEFINED__
                 	#define __SLEEP_DEFINED__
                 	.EQU __se_bit=0x80
                 	.EQU __sm_mask=0x70
                 	.EQU __sm_powerdown=0x20
                 	.EQU __sm_powersave=0x30
                 	.EQU __sm_standby=0x60
                 	.EQU __sm_ext_standby=0x70
                 	.EQU __sm_adc_noise_red=0x10
                 	.SET power_ctrl_reg=mcucr
                 	#endif
                 ;#include <delay.h>
                 ;
                 ;// Declare your global variables here
                 ;
                 ;bit a0,a1,a2,a3,a4,a5,a6,a7,b1;
                 ;
                 ;// This flag is set on USART Receiver buffer overflow
                 ;
                 ;
                 ;
                 ;// USART Receiver interrupt service routine
                 ;interrupt [USART_RXC] void usart_rx_isr(void)
                 ; 0000 0025 {
                 
                 	.CSEG
                 _usart_rx_isr:
                 ; .FSTART _usart_rx_isr
                 ; 0000 0026 
                 ; 0000 0027 }
0000b6 9518      	RETI
                 ; .FEND
                 ;
                 ;
                 ;
                 ;// Standard Input/Output functions
                 ;#include <stdio.h>
                 ;
                 ;// SPI functions
                 ;#include <spi.h>
                 ;
                 ;void main(void)
                 ; 0000 0032 {
                 _main:
                 ; .FSTART _main
                 ; 0000 0033 // Declare your local variables here
                 ; 0000 0034 
                 ; 0000 0035 // Input/Output Ports initialization
                 ; 0000 0036 DDRA=0x00;
0000b7 e0e0      	LDI  R30,LOW(0)
0000b8 bbea      	OUT  0x1A,R30
                 ; 0000 0037 DDRB.0=0xFF;
0000b9 9ab8      	SBI  0x17,0
                 ; 0000 0038 DDRB.1=0x00;
0000ba 98b9      	CBI  0x17,1
                 ; 0000 0039 // Timer/Counter 1 initialization
                 ; 0000 003A // Clock source: System Clock
                 ; 0000 003B // Clock value: Timer1 Stopped
                 ; 0000 003C // Mode: Normal top=0xFFFF
                 ; 0000 003D // OC1A output: Disconnected
                 ; 0000 003E // OC1B output: Disconnected
                 ; 0000 003F // Noise Canceler: Off
                 ; 0000 0040 // Input Capture on Falling Edge
                 ; 0000 0041 // Timer1 Overflow Interrupt: Off
                 ; 0000 0042 // Input Capture Interrupt: Off
                 ; 0000 0043 // Compare A Match Interrupt: Off
                 ; 0000 0044 // Compare B Match Interrupt: Off
                 ; 0000 0045 TCCR1A=(0<<COM1A1) | (0<<COM1A0) | (0<<COM1B1) | (0<<COM1B0) | (0<<WGM11) | (0<<WGM10);
0000bb bdef      	OUT  0x2F,R30
                 ; 0000 0046 TCCR1B=(0<<ICNC1) | (0<<ICES1) | (0<<WGM13) | (0<<WGM12) | (0<<CS12) | (0<<CS11) | (0<<CS10);
0000bc bdee      	OUT  0x2E,R30
                 ; 0000 0047 TCNT1H=0x00;
0000bd bded      	OUT  0x2D,R30
                 ; 0000 0048 TCNT1L=0x00;
0000be bdec      	OUT  0x2C,R30
                 ; 0000 0049 ICR1H=0x00;
0000bf bde7      	OUT  0x27,R30
                 ; 0000 004A ICR1L=0x00;
0000c0 bde6      	OUT  0x26,R30
                 ; 0000 004B OCR1AH=0x00;
0000c1 bdeb      	OUT  0x2B,R30
                 ; 0000 004C OCR1AL=0x00;
0000c2 bdea      	OUT  0x2A,R30
                 ; 0000 004D OCR1BH=0x00;
0000c3 bde9      	OUT  0x29,R30
                 ; 0000 004E OCR1BL=0x00;
0000c4 bde8      	OUT  0x28,R30
                 ; 0000 004F 
                 ; 0000 0050 // Timer/Counter 2 initialization
                 ; 0000 0051 // Clock source: System Clock
                 ; 0000 0052 // Clock value: Timer2 Stopped
                 ; 0000 0053 // Mode: Normal top=0xFF
                 ; 0000 0054 // OC2 output: Disconnected
                 ; 0000 0055 ASSR=0<<AS2;
0000c5 bde2      	OUT  0x22,R30
                 ; 0000 0056 TCCR2=(0<<PWM2) | (0<<COM21) | (0<<COM20) | (0<<CTC2) | (0<<CS22) | (0<<CS21) | (0<<CS20);
0000c6 bde5      	OUT  0x25,R30
                 ; 0000 0057 TCNT2=0x00;
0000c7 bde4      	OUT  0x24,R30
                 ; 0000 0058 OCR2=0x00;
0000c8 bde3      	OUT  0x23,R30
                 ; 0000 0059 
                 ; 0000 005A // Timer(s)/Counter(s) Interrupt(s) initialization
                 ; 0000 005B TIMSK=(0<<OCIE2) | (0<<TOIE2) | (0<<TICIE1) | (0<<OCIE1A) | (0<<OCIE1B) | (0<<TOIE1) | (0<<OCIE0) | (0<<TOIE0);
0000c9 bfe9      	OUT  0x39,R30
                 ; 0000 005C 
                 ; 0000 005D // External Interrupt(s) initialization
                 ; 0000 005E // INT0: Off
                 ; 0000 005F // INT1: Off
                 ; 0000 0060 // INT2: Off
                 ; 0000 0061 MCUCR=(0<<ISC11) | (0<<ISC10) | (0<<ISC01) | (0<<ISC00);
0000ca bfe5      	OUT  0x35,R30
                 ; 0000 0062 MCUCSR=(0<<ISC2);
0000cb bfe4      	OUT  0x34,R30
                 ; 0000 0063 
                 ; 0000 0064 // USART initialization
                 ; 0000 0065 // Communication Parameters: 8 Data, 1 Stop, No Parity
                 ; 0000 0066 // USART Receiver: On
                 ; 0000 0067 // USART Transmitter: On
                 ; 0000 0068 // USART Mode: Asynchronous
                 ; 0000 0069 // USART Baud Rate: 9600
                 ; 0000 006A UCSRA=(0<<RXC) | (0<<TXC) | (0<<UDRE) | (0<<FE) | (0<<DOR) | (0<<UPE) | (0<<U2X) | (0<<MPCM);
0000cc b9eb      	OUT  0xB,R30
                 ; 0000 006B UCSRB=(1<<RXCIE) | (0<<TXCIE) | (0<<UDRIE) | (1<<RXEN) | (1<<TXEN) | (0<<UCSZ2) | (0<<RXB8) | (0<<TXB8);
0000cd e9e8      	LDI  R30,LOW(152)
0000ce b9ea      	OUT  0xA,R30
                 ; 0000 006C UCSRC=(1<<URSEL) | (0<<UMSEL) | (0<<UPM1) | (0<<UPM0) | (0<<USBS) | (1<<UCSZ1) | (1<<UCSZ0) | (0<<UCPOL);
0000cf e8e6      	LDI  R30,LOW(134)
0000d0 bde0      	OUT  0x20,R30
                 ; 0000 006D UBRRH=0x00;
0000d1 e0e0      	LDI  R30,LOW(0)
0000d2 bde0      	OUT  0x20,R30
                 ; 0000 006E UBRRL=0x33;
0000d3 e3e3      	LDI  R30,LOW(51)
0000d4 b9e9      	OUT  0x9,R30
                 ; 0000 006F 
                 ; 0000 0070 // Analog Comparator initialization
                 ; 0000 0071 // Analog Comparator: Off
                 ; 0000 0072 // The Analog Comparator's positive input is
                 ; 0000 0073 // connected to the AIN0 pin
                 ; 0000 0074 // The Analog Comparator's negative input is
                 ; 0000 0075 // connected to the AIN1 pin
                 ; 0000 0076 ACSR=(1<<ACD) | (0<<ACBG) | (0<<ACO) | (0<<ACI) | (0<<ACIE) | (0<<ACIC) | (0<<ACIS1) | (0<<ACIS0);
0000d5 e8e0      	LDI  R30,LOW(128)
0000d6 b9e8      	OUT  0x8,R30
                 ; 0000 0077 SFIOR=(0<<ACME);
0000d7 e0e0      	LDI  R30,LOW(0)
0000d8 bfe0      	OUT  0x30,R30
                 ; 0000 0078 
                 ; 0000 0079 // ADC initialization
                 ; 0000 007A // ADC disabled
                 ; 0000 007B ADCSRA=(0<<ADEN) | (0<<ADSC) | (0<<ADATE) | (0<<ADIF) | (0<<ADIE) | (0<<ADPS2) | (0<<ADPS1) | (0<<ADPS0);
0000d9 b9e6      	OUT  0x6,R30
                 ; 0000 007C 
                 ; 0000 007D // SPI initialization
                 ; 0000 007E // SPI Type: Slave
                 ; 0000 007F // SPI Clock Rate: 2000/000 kHz
                 ; 0000 0080 // SPI Clock Phase: Cycle Start
                 ; 0000 0081 // SPI Clock Polarity: Low
                 ; 0000 0082 // SPI Data Order: MSB First
                 ; 0000 0083 SPCR=(0<<SPIE) | (1<<SPE) | (0<<DORD) | (0<<MSTR) | (0<<CPOL) | (0<<CPHA) | (0<<SPR1) | (0<<SPR0);
0000da e4e0      	LDI  R30,LOW(64)
0000db b9ed      	OUT  0xD,R30
                 ; 0000 0084 SPSR=(0<<SPI2X);
0000dc e0e0      	LDI  R30,LOW(0)
0000dd b9ee      	OUT  0xE,R30
                 ; 0000 0085 
                 ; 0000 0086 // TWI initialization
                 ; 0000 0087 // TWI disabled
                 ; 0000 0088 TWCR=(0<<TWEA) | (0<<TWSTA) | (0<<TWSTO) | (0<<TWEN) | (0<<TWIE);
0000de bfe6      	OUT  0x36,R30
                 ; 0000 0089 
                 ; 0000 008A // Global enable interrupts
                 ; 0000 008B #asm("sei")
0000df 9478      	sei
                 ; 0000 008C   while(PINA.0!=1|PINA.1!=1|PINA.2!=1|PINA.3!=1|PINA.4!=1|PINA.5!=1|PINA.6!=1|PINA.7!=1)
                 _0x7:
0000e0 e0a0      	LDI  R26,0
0000e1 99c8      	SBIC 0x19,0
0000e2 e0a1      	LDI  R26,1
0000e3 e0e1      	LDI  R30,LOW(1)
0000e4 940e 0220 	CALL __NEB12
0000e6 2e0e      	MOV  R0,R30
0000e7 e0a0      	LDI  R26,0
0000e8 99c9      	SBIC 0x19,1
0000e9 e0a1      	LDI  R26,1
0000ea 940e 0207 	CALL SUBOPT_0x0
0000ec e0a0      	LDI  R26,0
0000ed 99ca      	SBIC 0x19,2
0000ee e0a1      	LDI  R26,1
0000ef 940e 0207 	CALL SUBOPT_0x0
0000f1 e0a0      	LDI  R26,0
0000f2 99cb      	SBIC 0x19,3
0000f3 e0a1      	LDI  R26,1
0000f4 940e 0207 	CALL SUBOPT_0x0
0000f6 e0a0      	LDI  R26,0
0000f7 99cc      	SBIC 0x19,4
0000f8 e0a1      	LDI  R26,1
0000f9 940e 0207 	CALL SUBOPT_0x0
0000fb e0a0      	LDI  R26,0
0000fc 99cd      	SBIC 0x19,5
0000fd e0a1      	LDI  R26,1
0000fe 940e 0207 	CALL SUBOPT_0x0
000100 e0a0      	LDI  R26,0
000101 99ce      	SBIC 0x19,6
000102 e0a1      	LDI  R26,1
000103 940e 0207 	CALL SUBOPT_0x0
000105 e0a0      	LDI  R26,0
000106 99cf      	SBIC 0x19,7
000107 e0a1      	LDI  R26,1
000108 e0e1      	LDI  R30,LOW(1)
000109 940e 0220 	CALL __NEB12
00010b 29e0      	OR   R30,R0
00010c f059      	BREQ _0x9
                 ; 0000 008D   {
                 ; 0000 008E    PORTB.0=1;
00010d 9ac0      	SBI  0x18,0
                 ; 0000 008F    delay_ms(400);
00010e e9a0      	LDI  R26,LOW(400)
00010f e0b1      	LDI  R27,HIGH(400)
000110 940e 0211 	CALL _delay_ms
                 ; 0000 0090    PORTB.0=0;
000112 98c0      	CBI  0x18,0
                 ; 0000 0091    delay_ms(400);
000113 e9a0      	LDI  R26,LOW(400)
000114 e0b1      	LDI  R27,HIGH(400)
000115 940e 0211 	CALL _delay_ms
                 ; 0000 0092   }
000117 cfc8      	RJMP _0x7
                 _0x9:
                 ; 0000 0093   PORTB.0=1;
000118 9ac0      	SBI  0x18,0
                 ; 0000 0094  while (1)
                 _0x10:
                 ; 0000 0095  {
                 ; 0000 0096 
                 ; 0000 0097     if(PINA.0==0&&a0==0)
000119 99c8      	SBIC 0x19,0
00011a c002      	RJMP _0x14
00011b fe20      	SBRS R2,0
00011c c001      	RJMP _0x15
                 _0x14:
00011d c006      	RJMP _0x13
                 _0x15:
                 ; 0000 0098   {
                 ; 0000 0099    a0=1;
00011e 9468      	SET
00011f f820      	BLD  R2,0
                 ; 0000 009A    putsf("PINA.0=0");
                +
000120 e6a8     +LDI R26 , LOW ( 2 * _0x0 + ( 0 ) )
000121 e0b0     +LDI R27 , HIGH ( 2 * _0x0 + ( 0 ) )
                 	__POINTW2FN _0x0,0
000122 940e 020c 	CALL SUBOPT_0x1
                 ; 0000 009B    putchar(13);
                 ; 0000 009C   }
                 ; 0000 009D     if(PINA.0==1&&a0==1)
                 _0x13:
000124 9bc8      	SBIS 0x19,0
000125 c002      	RJMP _0x17
000126 fc20      	SBRC R2,0
000127 c001      	RJMP _0x18
                 _0x17:
000128 c006      	RJMP _0x16
                 _0x18:
                 ; 0000 009E   {
                 ; 0000 009F    a0=0;
000129 94e8      	CLT
00012a f820      	BLD  R2,0
                 ; 0000 00A0    putsf("PINA.0=1");
                +
00012b e7a1     +LDI R26 , LOW ( 2 * _0x0 + ( 9 ) )
00012c e0b0     +LDI R27 , HIGH ( 2 * _0x0 + ( 9 ) )
                 	__POINTW2FN _0x0,9
00012d 940e 020c 	CALL SUBOPT_0x1
                 ; 0000 00A1    putchar(13);
                 ; 0000 00A2   }
                 ; 0000 00A3     if(PINA.1==0&&a1==0)
                 _0x16:
00012f 99c9      	SBIC 0x19,1
000130 c002      	RJMP _0x1A
000131 fe21      	SBRS R2,1
000132 c001      	RJMP _0x1B
                 _0x1A:
000133 c006      	RJMP _0x19
                 _0x1B:
                 ; 0000 00A4   {
                 ; 0000 00A5    a1=1;
000134 9468      	SET
000135 f821      	BLD  R2,1
                 ; 0000 00A6    putsf("PINA.1=0");
                +
000136 e7aa     +LDI R26 , LOW ( 2 * _0x0 + ( 18 ) )
000137 e0b0     +LDI R27 , HIGH ( 2 * _0x0 + ( 18 ) )
                 	__POINTW2FN _0x0,18
000138 940e 020c 	CALL SUBOPT_0x1
                 ; 0000 00A7    putchar(13);
                 ; 0000 00A8   }
                 ; 0000 00A9     if(PINA.1==1&&a1==1)
                 _0x19:
00013a 9bc9      	SBIS 0x19,1
00013b c002      	RJMP _0x1D
00013c fc21      	SBRC R2,1
00013d c001      	RJMP _0x1E
                 _0x1D:
00013e c006      	RJMP _0x1C
                 _0x1E:
                 ; 0000 00AA   {
                 ; 0000 00AB    a1=0;
00013f 94e8      	CLT
000140 f821      	BLD  R2,1
                 ; 0000 00AC    putsf("PINA.1=1");
                +
000141 e8a3     +LDI R26 , LOW ( 2 * _0x0 + ( 27 ) )
000142 e0b0     +LDI R27 , HIGH ( 2 * _0x0 + ( 27 ) )
                 	__POINTW2FN _0x0,27
000143 940e 020c 	CALL SUBOPT_0x1
                 ; 0000 00AD    putchar(13);
                 ; 0000 00AE   }
                 ; 0000 00AF     if(PINA.2==0&&a2==0)
                 _0x1C:
000145 99ca      	SBIC 0x19,2
000146 c002      	RJMP _0x20
000147 fe22      	SBRS R2,2
000148 c001      	RJMP _0x21
                 _0x20:
000149 c006      	RJMP _0x1F
                 _0x21:
                 ; 0000 00B0   {
                 ; 0000 00B1    a2=1;
00014a 9468      	SET
00014b f822      	BLD  R2,2
                 ; 0000 00B2    putsf("PINA.2=0");
                +
00014c e8ac     +LDI R26 , LOW ( 2 * _0x0 + ( 36 ) )
00014d e0b0     +LDI R27 , HIGH ( 2 * _0x0 + ( 36 ) )
                 	__POINTW2FN _0x0,36
00014e 940e 020c 	CALL SUBOPT_0x1
                 ; 0000 00B3    putchar(13);
                 ; 0000 00B4   }
                 ; 0000 00B5     if(PINA.2==1&&a2==1)
                 _0x1F:
000150 9bca      	SBIS 0x19,2
000151 c002      	RJMP _0x23
000152 fc22      	SBRC R2,2
000153 c001      	RJMP _0x24
                 _0x23:
000154 c006      	RJMP _0x22
                 _0x24:
                 ; 0000 00B6   {
                 ; 0000 00B7    a2=0;
000155 94e8      	CLT
000156 f822      	BLD  R2,2
                 ; 0000 00B8    putsf("PINA.2=1");
                +
000157 e9a5     +LDI R26 , LOW ( 2 * _0x0 + ( 45 ) )
000158 e0b0     +LDI R27 , HIGH ( 2 * _0x0 + ( 45 ) )
                 	__POINTW2FN _0x0,45
000159 940e 020c 	CALL SUBOPT_0x1
                 ; 0000 00B9    putchar(13);
                 ; 0000 00BA   }
                 ; 0000 00BB     if(PINA.3==0&&a3==0)
                 _0x22:
00015b 99cb      	SBIC 0x19,3
00015c c002      	RJMP _0x26
00015d fe23      	SBRS R2,3
00015e c001      	RJMP _0x27
                 _0x26:
00015f c006      	RJMP _0x25
                 _0x27:
                 ; 0000 00BC   {
                 ; 0000 00BD    a3=1;
000160 9468      	SET
000161 f823      	BLD  R2,3
                 ; 0000 00BE    putsf("PINA.3=0");
                +
000162 e9ae     +LDI R26 , LOW ( 2 * _0x0 + ( 54 ) )
000163 e0b0     +LDI R27 , HIGH ( 2 * _0x0 + ( 54 ) )
                 	__POINTW2FN _0x0,54
000164 940e 020c 	CALL SUBOPT_0x1
                 ; 0000 00BF    putchar(13);
                 ; 0000 00C0   }
                 ; 0000 00C1     if(PINA.3==1&a3==1)
                 _0x25:
000166 e0a0      	LDI  R26,0
000167 99cb      	SBIC 0x19,3
000168 e0a1      	LDI  R26,1
000169 e0e1      	LDI  R30,LOW(1)
00016a 940e 021b 	CALL __EQB12
00016c 2e0e      	MOV  R0,R30
00016d e0a0      	LDI  R26,0
00016e fc23      	SBRC R2,3
00016f e0a1      	LDI  R26,1
000170 e0e1      	LDI  R30,LOW(1)
000171 940e 021b 	CALL __EQB12
000173 21e0      	AND  R30,R0
000174 f031      	BREQ _0x28
                 ; 0000 00C2   {
                 ; 0000 00C3    a3=0;
000175 94e8      	CLT
000176 f823      	BLD  R2,3
                 ; 0000 00C4    putsf("PINA.3=1");
                +
000177 eaa7     +LDI R26 , LOW ( 2 * _0x0 + ( 63 ) )
000178 e0b0     +LDI R27 , HIGH ( 2 * _0x0 + ( 63 ) )
                 	__POINTW2FN _0x0,63
000179 940e 020c 	CALL SUBOPT_0x1
                 ; 0000 00C5    putchar(13);
                 ; 0000 00C6   }
                 ; 0000 00C7     if(PINA.4==0&&a4==0)
                 _0x28:
00017b 99cc      	SBIC 0x19,4
00017c c002      	RJMP _0x2A
00017d fe24      	SBRS R2,4
00017e c001      	RJMP _0x2B
                 _0x2A:
00017f c006      	RJMP _0x29
                 _0x2B:
                 ; 0000 00C8   {
                 ; 0000 00C9    a4=1;
000180 9468      	SET
000181 f824      	BLD  R2,4
                 ; 0000 00CA    putsf("PINA.4=0");
                +
000182 eba0     +LDI R26 , LOW ( 2 * _0x0 + ( 72 ) )
000183 e0b0     +LDI R27 , HIGH ( 2 * _0x0 + ( 72 ) )
                 	__POINTW2FN _0x0,72
000184 940e 020c 	CALL SUBOPT_0x1
                 ; 0000 00CB    putchar(13);
                 ; 0000 00CC   }
                 ; 0000 00CD     if(PINA.4==1&&a4==1)
                 _0x29:
000186 9bcc      	SBIS 0x19,4
000187 c002      	RJMP _0x2D
000188 fc24      	SBRC R2,4
000189 c001      	RJMP _0x2E
                 _0x2D:
00018a c006      	RJMP _0x2C
                 _0x2E:
                 ; 0000 00CE   {
                 ; 0000 00CF    a4=0;
00018b 94e8      	CLT
00018c f824      	BLD  R2,4
                 ; 0000 00D0    putsf("PINA.4=1");
                +
00018d eba9     +LDI R26 , LOW ( 2 * _0x0 + ( 81 ) )
00018e e0b0     +LDI R27 , HIGH ( 2 * _0x0 + ( 81 ) )
                 	__POINTW2FN _0x0,81
00018f 940e 020c 	CALL SUBOPT_0x1
                 ; 0000 00D1    putchar(13);
                 ; 0000 00D2   }
                 ; 0000 00D3     if(PINA.5==0&&a5==0)
                 _0x2C:
000191 99cd      	SBIC 0x19,5
000192 c002      	RJMP _0x30
000193 fe25      	SBRS R2,5
000194 c001      	RJMP _0x31
                 _0x30:
000195 c006      	RJMP _0x2F
                 _0x31:
                 ; 0000 00D4   {
                 ; 0000 00D5    a5=1;
000196 9468      	SET
000197 f825      	BLD  R2,5
                 ; 0000 00D6    putsf("PINA.5=0");
                +
000198 eca2     +LDI R26 , LOW ( 2 * _0x0 + ( 90 ) )
000199 e0b0     +LDI R27 , HIGH ( 2 * _0x0 + ( 90 ) )
                 	__POINTW2FN _0x0,90
00019a 940e 020c 	CALL SUBOPT_0x1
                 ; 0000 00D7    putchar(13);
                 ; 0000 00D8   }
                 ; 0000 00D9     if(PINA.5==1&&a5==1)
                 _0x2F:
00019c 9bcd      	SBIS 0x19,5
00019d c002      	RJMP _0x33
00019e fc25      	SBRC R2,5
00019f c001      	RJMP _0x34
                 _0x33:
0001a0 c006      	RJMP _0x32
                 _0x34:
                 ; 0000 00DA   {
                 ; 0000 00DB    a5=0;
0001a1 94e8      	CLT
0001a2 f825      	BLD  R2,5
                 ; 0000 00DC    putsf("PINA.5=1");
                +
0001a3 ecab     +LDI R26 , LOW ( 2 * _0x0 + ( 99 ) )
0001a4 e0b0     +LDI R27 , HIGH ( 2 * _0x0 + ( 99 ) )
                 	__POINTW2FN _0x0,99
0001a5 940e 020c 	CALL SUBOPT_0x1
                 ; 0000 00DD    putchar(13);
                 ; 0000 00DE   }
                 ; 0000 00DF     if(PINA.6==0&&a6==0)
                 _0x32:
0001a7 99ce      	SBIC 0x19,6
0001a8 c002      	RJMP _0x36
0001a9 fe26      	SBRS R2,6
0001aa c001      	RJMP _0x37
                 _0x36:
0001ab c006      	RJMP _0x35
                 _0x37:
                 ; 0000 00E0   {
                 ; 0000 00E1    a6=1;
0001ac 9468      	SET
0001ad f826      	BLD  R2,6
                 ; 0000 00E2    putsf("PINA.6=0");
                +
0001ae eda4     +LDI R26 , LOW ( 2 * _0x0 + ( 108 ) )
0001af e0b0     +LDI R27 , HIGH ( 2 * _0x0 + ( 108 ) )
                 	__POINTW2FN _0x0,108
0001b0 940e 020c 	CALL SUBOPT_0x1
                 ; 0000 00E3    putchar(13);
                 ; 0000 00E4   }
                 ; 0000 00E5     if(PINA.6==1&&a6==1)
                 _0x35:
0001b2 9bce      	SBIS 0x19,6
0001b3 c002      	RJMP _0x39
0001b4 fc26      	SBRC R2,6
0001b5 c001      	RJMP _0x3A
                 _0x39:
0001b6 c006      	RJMP _0x38
                 _0x3A:
                 ; 0000 00E6   {
                 ; 0000 00E7    a6=0;
0001b7 94e8      	CLT
0001b8 f826      	BLD  R2,6
                 ; 0000 00E8    putsf("PINA.6=1");
                +
0001b9 edad     +LDI R26 , LOW ( 2 * _0x0 + ( 117 ) )
0001ba e0b0     +LDI R27 , HIGH ( 2 * _0x0 + ( 117 ) )
                 	__POINTW2FN _0x0,117
0001bb 940e 020c 	CALL SUBOPT_0x1
                 ; 0000 00E9    putchar(13);
                 ; 0000 00EA   }
                 ; 0000 00EB     if(PINA.7==0&&a7==0)
                 _0x38:
0001bd 99cf      	SBIC 0x19,7
0001be c002      	RJMP _0x3C
0001bf fe27      	SBRS R2,7
0001c0 c001      	RJMP _0x3D
                 _0x3C:
0001c1 c006      	RJMP _0x3B
                 _0x3D:
                 ; 0000 00EC   {
                 ; 0000 00ED    a7=1;
0001c2 9468      	SET
0001c3 f827      	BLD  R2,7
                 ; 0000 00EE    putsf("PINA.7=0");
                +
0001c4 eea6     +LDI R26 , LOW ( 2 * _0x0 + ( 126 ) )
0001c5 e0b0     +LDI R27 , HIGH ( 2 * _0x0 + ( 126 ) )
                 	__POINTW2FN _0x0,126
0001c6 940e 020c 	CALL SUBOPT_0x1
                 ; 0000 00EF    putchar(13);
                 ; 0000 00F0   }
                 ; 0000 00F1     if(PINA.7==1&&a7==1)
                 _0x3B:
0001c8 9bcf      	SBIS 0x19,7
0001c9 c002      	RJMP _0x3F
0001ca fc27      	SBRC R2,7
0001cb c001      	RJMP _0x40
                 _0x3F:
0001cc c006      	RJMP _0x3E
                 _0x40:
                 ; 0000 00F2   {
                 ; 0000 00F3    a7=0;
0001cd 94e8      	CLT
0001ce f827      	BLD  R2,7
                 ; 0000 00F4    putsf("PINA.7=1");
                +
0001cf eeaf     +LDI R26 , LOW ( 2 * _0x0 + ( 135 ) )
0001d0 e0b0     +LDI R27 , HIGH ( 2 * _0x0 + ( 135 ) )
                 	__POINTW2FN _0x0,135
0001d1 940e 020c 	CALL SUBOPT_0x1
                 ; 0000 00F5    putchar(13);
                 ; 0000 00F6   }
                 ; 0000 00F7       if(PINB.1==0&&b1==0)
                 _0x3E:
0001d3 99b1      	SBIC 0x16,1
0001d4 c002      	RJMP _0x42
0001d5 fe30      	SBRS R3,0
0001d6 c001      	RJMP _0x43
                 _0x42:
0001d7 c006      	RJMP _0x41
                 _0x43:
                 ; 0000 00F8   {
                 ; 0000 00F9    b1=1;
0001d8 9468      	SET
0001d9 f830      	BLD  R3,0
                 ; 0000 00FA    putsf("PINB.1=0");
                +
0001da efa8     +LDI R26 , LOW ( 2 * _0x0 + ( 144 ) )
0001db e0b0     +LDI R27 , HIGH ( 2 * _0x0 + ( 144 ) )
                 	__POINTW2FN _0x0,144
0001dc 940e 020c 	CALL SUBOPT_0x1
                 ; 0000 00FB    putchar(13);
                 ; 0000 00FC   }
                 ; 0000 00FD       if(PINB.1==1&&b1==1)
                 _0x41:
0001de 9bb1      	SBIS 0x16,1
0001df c002      	RJMP _0x45
0001e0 fc30      	SBRC R3,0
0001e1 c001      	RJMP _0x46
                 _0x45:
0001e2 c006      	RJMP _0x44
                 _0x46:
                 ; 0000 00FE   {
                 ; 0000 00FF    b1=0;
0001e3 94e8      	CLT
0001e4 f830      	BLD  R3,0
                 ; 0000 0100    putsf("PINB.1=1");
                +
0001e5 e0a1     +LDI R26 , LOW ( 2 * _0x0 + ( 153 ) )
0001e6 e0b1     +LDI R27 , HIGH ( 2 * _0x0 + ( 153 ) )
                 	__POINTW2FN _0x0,153
0001e7 940e 020c 	CALL SUBOPT_0x1
                 ; 0000 0101    putchar(13);
                 ; 0000 0102   }
                 ; 0000 0103 
                 ; 0000 0104  }
                 _0x44:
0001e9 cf2f      	RJMP _0x10
                 ; 0000 0105 }
                 _0x47:
0001ea cfff      	RJMP _0x47
                 ; .FEND
                 	#ifndef __SLEEP_DEFINED__
                 	#endif
                 
                 	.CSEG
                 _putchar:
                 ; .FSTART _putchar
0001eb 93aa      	ST   -Y,R26
                 putchar0:
0001ec 9b5d           sbis usr,udre
0001ed cffe           rjmp putchar0
0001ee 81e8           ld   r30,y
0001ef b9ec           out  udr,r30
0001f0 9621      	ADIW R28,1
0001f1 9508      	RET
                 ; .FEND
                 _putsf:
                 ; .FSTART _putsf
0001f2 93ba      	ST   -Y,R27
0001f3 93aa      	ST   -Y,R26
0001f4 931a      	ST   -Y,R17
                 _0x2000006:
0001f5 81e9      	LDD  R30,Y+1
0001f6 81fa      	LDD  R31,Y+1+1
0001f7 9631      	ADIW R30,1
0001f8 83e9      	STD  Y+1,R30
0001f9 83fa      	STD  Y+1+1,R31
0001fa 9731      	SBIW R30,1
0001fb 91e4      	LPM  R30,Z
0001fc 2f1e      	MOV  R17,R30
0001fd 30e0      	CPI  R30,0
0001fe f019      	BREQ _0x2000008
0001ff 2fa1      	MOV  R26,R17
000200 dfea      	RCALL _putchar
000201 cff3      	RJMP _0x2000006
                 _0x2000008:
000202 e0aa      	LDI  R26,LOW(10)
000203 dfe7      	RCALL _putchar
000204 8118      	LDD  R17,Y+0
000205 9623      	ADIW R28,3
000206 9508      	RET
                 ; .FEND
                 	#ifndef __SLEEP_DEFINED__
                 	#endif
                 
                 	.CSEG
                 
                 	.CSEG
                 
                 	.CSEG
                 
                 	.CSEG
                 ;OPTIMIZER ADDED SUBROUTINE, CALLED 6 TIMES, CODE SIZE REDUCTION:7 WORDS
                 SUBOPT_0x0:
000207 e0e1      	LDI  R30,LOW(1)
000208 940e 0220 	CALL __NEB12
00020a 2a0e      	OR   R0,R30
00020b 9508      	RET
                 
                 ;OPTIMIZER ADDED SUBROUTINE, CALLED 18 TIMES, CODE SIZE REDUCTION:48 WORDS
                 SUBOPT_0x1:
00020c 940e 01f2 	CALL _putsf
00020e e0ad      	LDI  R26,LOW(13)
00020f 940c 01eb 	JMP  _putchar
                 
                 
                 	.CSEG
                 _delay_ms:
000211 9610      	adiw r26,0
000212 f039      	breq __delay_ms1
                 __delay_ms0:
                +
000213 ed80     +LDI R24 , LOW ( 0x7D0 )
000214 e097     +LDI R25 , HIGH ( 0x7D0 )
                +__DELAY_USW_LOOP :
000215 9701     +SBIW R24 , 1
000216 f7f1     +BRNE __DELAY_USW_LOOP
                 	__DELAY_USW 0x7D0
000217 95a8      	wdr
000218 9711      	sbiw r26,1
000219 f7c9      	brne __delay_ms0
                 __delay_ms1:
00021a 9508      	ret
                 
                 __EQB12:
00021b 17ea      	CP   R30,R26
00021c e0e1      	LDI  R30,1
00021d f009      	BREQ __EQB12T
00021e 27ee      	CLR  R30
                 __EQB12T:
00021f 9508      	RET
                 
                 __NEB12:
000220 17ea      	CP   R30,R26
000221 e0e1      	LDI  R30,1
000222 f409      	BRNE __NEB12T
000223 27ee      	CLR  R30
                 __NEB12T:
000224 9508      	RET
                 
                 ;END OF CODE MARKER
                 __END_OF_CODE:


RESOURCE USE INFORMATION
------------------------

Notice:
The register and instruction counts are symbol table hit counts,
and hence implicitly used resources are not counted, eg, the
'lpm' instruction without operands implicitly uses r0 and z,
none of which are counted.

x,y,z are separate entities in the symbol table and are
counted separately from r26..r31 here.

.dseg memory usage only counts static data declared with .byte

ATmega32 register use summary:
r0 :   9 r1 :   1 r2 :  32 r3 :   4 r4 :   0 r5 :   0 r6 :   0 r7 :   0 
r8 :   0 r9 :   0 r10:   0 r11:   0 r12:   0 r13:   0 r14:   0 r15:   0 
r16:   0 r17:   4 r18:   0 r19:   0 r20:   0 r21:   0 r22:   2 r23:   0 
r24:   9 r25:   3 r26:  52 r27:  23 r28:   3 r29:   1 r30:  77 r31:   5 
x  :   3 y  :  10 z  :   8 
Registers used: 17 out of 35 (48.6%)

ATmega32 instruction use summary:
.lds  :   0 .lds.l:   0 .sts  :   0 .sts.l:   0 adc   :   0 add   :   0 
adiw  :   4 and   :   1 andi  :   0 asr   :   0 bclr  :   0 bld   :  18 
brbc  :   0 brbs  :   0 brcc  :   0 brcs  :   0 break :   0 breq  :   6 
brge  :   0 brhc  :   0 brhs  :   0 brid  :   0 brie  :   0 brlo  :   0 
brlt  :   0 brmi  :   0 brne  :   6 brpl  :   0 brsh  :   0 brtc  :   0 
brts  :   0 brvc  :   0 brvs  :   0 bset  :   0 bst   :   0 call  :  32 
cbi   :   2 cbr   :   0 clc   :   0 clh   :   0 cli   :   1 cln   :   0 
clr   :   4 cls   :   0 clt   :   9 clv   :   0 clz   :   0 com   :   0 
cp    :   2 cpc   :   0 cpi   :   1 cpse  :   0 dec   :   1 des   :   0 
eor   :   0 fmul  :   0 fmuls :   0 fmulsu:   0 icall :   0 ijmp  :   0 
in    :   0 inc   :   0 jmp   :  23 ld    :   1 ldd   :   3 ldi   :  92 
lds   :   0 lpm   :   9 lsl   :   0 lsr   :   0 mov   :   4 movw  :   3 
mul   :   0 muls  :   0 mulsu :   0 neg   :   0 nop   :   0 or    :   2 
ori   :   0 out   :  36 pop   :   0 push  :   0 rcall :   2 ret   :   6 
reti  :   1 rjmp  :  57 rol   :   0 ror   :   0 sbc   :   0 sbci  :   0 
sbi   :   3 sbic  :  18 sbis  :   9 sbiw  :   6 sbr   :   0 sbrc  :   9 
sbrs  :   9 sec   :   0 seh   :   0 sei   :   1 sen   :   0 ser   :   0 
ses   :   0 set   :   9 sev   :   0 sez   :   0 sleep :   0 spm   :   0 
st    :   7 std   :   2 sts   :   0 sub   :   0 subi  :   0 swap  :   0 
tst   :   0 wdr   :   1 
Instructions used: 37 out of 116 (31.9%)

ATmega32 memory use summary [bytes]:
Segment   Begin    End      Code   Data   Used    Size   Use%
---------------------------------------------------------------
[.cseg] 0x000000 0x00044a    908    190   1098   32768   3.4%
[.dseg] 0x000060 0x000260      0      0      0    2048   0.0%
[.eseg] 0x000000 0x000000      0      0      0    1024   0.0%

Assembly complete, 0 errors, 0 warnings
